20:45:53 **** Incremental Build of configuration Debug for project 5_uart_module ****
make -j8 all 
arm-none-eabi-gcc "../Src/main.c" -mcpu=cortex-m4 -std=gnu11 -g3 -DDEBUG -DNUCLEO_F411RE -DSTM32 -DSTM32F4 -DSTM32F411RETx -DSTM32F401xE -c -I../Inc -I"C:/Users/Windows/Desktop/STM32/chip_header/CMSIS/Include" -I"C:/Users/Windows/Desktop/STM32/chip_header/CMSIS/Device/ST/STM32F4xx/Include" -O0 -ffunction-sections -fdata-sections -Wall -fstack-usage -MMD -MP -MF"Src/main.d" -MT"Src/main.o" --specs=nano.specs -mfpu=fpv4-sp-d16 -mfloat-abi=hard -mthumb -o "Src/main.o"
../Src/main.c:2:10: fatal error: uart.h: No such file or directory
    2 | #include "uart.h"
      |          ^~~~~~~~
compilation terminated.
make: *** [Src/subdir.mk:25: Src/main.o] Error 1
"make -j8 all" terminated with exit code 2. Build might be incomplete.

20:45:54 Build Failed. 2 errors, 0 warnings. (took 320ms)

